c:\users\aaron\skydrive\projects\language\gtb-win-2.51\visualstudio2012\gtb-lib64\debug\gtb-lib64.pdb
c:\users\aaron\skydrive\projects\language\gtb-win-2.51\visualstudio2012\gtb-lib64\debug\gtb-lib64.idb
c:\users\aaron\skydrive\projects\language\gtb-win-2.51\visualstudio2012\gtb-lib64\debug\arg.obj
c:\users\aaron\skydrive\projects\language\gtb-win-2.51\visualstudio2012\gtb-lib64\debug\hist.obj
c:\users\aaron\skydrive\projects\language\gtb-win-2.51\visualstudio2012\gtb-lib64\debug\memalloc.obj
c:\users\aaron\skydrive\projects\language\gtb-win-2.51\visualstudio2012\gtb-lib64\debug\scan.obj
c:\users\aaron\skydrive\projects\language\gtb-win-2.51\visualstudio2012\gtb-lib64\debug\scanner.obj
c:\users\aaron\skydrive\projects\language\gtb-win-2.51\visualstudio2012\gtb-lib64\debug\set.obj
c:\users\aaron\skydrive\projects\language\gtb-win-2.51\visualstudio2012\gtb-lib64\debug\symbol.obj
c:\users\aaron\skydrive\projects\language\gtb-win-2.51\visualstudio2012\gtb-lib64\debug\textio.obj
c:\users\aaron\skydrive\projects\language\gtb-win-2.51\visualstudio2012\gtb-lib64\debug\util.obj
c:\users\aaron\skydrive\projects\language\gtb-win-2.51\visualstudio2012\gtb-lib64\debug\graph.obj
c:\users\aaron\skydrive\projects\language\gtb-win-2.51\visualstudio2012\gtb-lib64\debug\trie.obj
c:\users\aaron\skydrive\projects\language\gtb-win-2.51\visualstudio2012\debug\gtb-lib64.lib
c:\users\aaron\skydrive\projects\language\gtb-win-2.51\visualstudio2012\debug\gtb-lib64.pdb
c:\users\aaron\skydrive\projects\language\gtb-win-2.51\visualstudio2012\gtb-lib64\debug\gtb-lib64.tlog\cl.command.1.tlog
c:\users\aaron\skydrive\projects\language\gtb-win-2.51\visualstudio2012\gtb-lib64\debug\gtb-lib64.tlog\cl.read.1.tlog
c:\users\aaron\skydrive\projects\language\gtb-win-2.51\visualstudio2012\gtb-lib64\debug\gtb-lib64.tlog\cl.write.1.tlog
c:\users\aaron\skydrive\projects\language\gtb-win-2.51\visualstudio2012\gtb-lib64\debug\gtb-lib64.tlog\lib-link.read.1.tlog
c:\users\aaron\skydrive\projects\language\gtb-win-2.51\visualstudio2012\gtb-lib64\debug\gtb-lib64.tlog\lib-link.write.1.tlog
c:\users\aaron\skydrive\projects\language\gtb-win-2.51\visualstudio2012\gtb-lib64\debug\gtb-lib64.tlog\lib.command.1.tlog
