c:\users\aaron\skydrive\projects\language\gtb-win-2.51\visualstudio2012\gtb64\release\vc140.pdb
c:\users\aaron\skydrive\projects\language\gtb-win-2.51\visualstudio2012\gtb64\release\gtb_sr.obj
c:\users\aaron\skydrive\projects\language\gtb-win-2.51\visualstudio2012\gtb64\release\gtb_scr.obj
c:\users\aaron\skydrive\projects\language\gtb-win-2.51\visualstudio2012\gtb64\release\gtb_rnglr_rec.obj
c:\users\aaron\skydrive\projects\language\gtb-win-2.51\visualstudio2012\gtb64\release\gtb_rnglr_prs.obj
c:\users\aaron\skydrive\projects\language\gtb-win-2.51\visualstudio2012\gtb64\release\gtb_rd.obj
c:\users\aaron\skydrive\projects\language\gtb-win-2.51\visualstudio2012\gtb64\release\gtb_nfa.obj
c:\users\aaron\skydrive\projects\language\gtb-win-2.51\visualstudio2012\gtb64\release\gtb_lex.obj
c:\users\aaron\skydrive\projects\language\gtb-win-2.51\visualstudio2012\gtb64\release\gtb_gram.obj
c:\users\aaron\skydrive\projects\language\gtb-win-2.51\visualstudio2012\gtb64\release\gtb_gp.obj
c:\users\aaron\skydrive\projects\language\gtb-win-2.51\visualstudio2012\gtb64\release\gtb_gen.obj
c:\users\aaron\skydrive\projects\language\gtb-win-2.51\visualstudio2012\gtb64\release\gtb_gdg_analyse_fast.obj
c:\users\aaron\skydrive\projects\language\gtb-win-2.51\visualstudio2012\gtb64\release\gtb_gdg.obj
c:\users\aaron\skydrive\projects\language\gtb-win-2.51\visualstudio2012\gtb64\release\gtb_dfa.obj
c:\users\aaron\skydrive\projects\language\gtb-win-2.51\visualstudio2012\gtb64\release\gtb_ah.obj
c:\users\aaron\skydrive\projects\language\gtb-win-2.51\visualstudio2012\gtb64\release\gtb.obj
c:\users\aaron\skydrive\projects\language\gtb-win-2.51\visualstudio2012\release\gtb64.exe
c:\users\aaron\skydrive\projects\language\gtb-win-2.51\visualstudio2012\release\gtb64.ipdb
c:\users\aaron\skydrive\projects\language\gtb-win-2.51\visualstudio2012\release\gtb64.iobj
c:\users\aaron\skydrive\projects\language\gtb-win-2.51\visualstudio2012\release\gtb64.pdb
c:\users\aaron\skydrive\projects\language\gtb-win-2.51\visualstudio2012\gtb64\release\gtb64.tlog\cl.command.1.tlog
c:\users\aaron\skydrive\projects\language\gtb-win-2.51\visualstudio2012\gtb64\release\gtb64.tlog\cl.read.1.tlog
c:\users\aaron\skydrive\projects\language\gtb-win-2.51\visualstudio2012\gtb64\release\gtb64.tlog\cl.write.1.tlog
c:\users\aaron\skydrive\projects\language\gtb-win-2.51\visualstudio2012\gtb64\release\gtb64.tlog\link.command.1.tlog
c:\users\aaron\skydrive\projects\language\gtb-win-2.51\visualstudio2012\gtb64\release\gtb64.tlog\link.read.1.tlog
c:\users\aaron\skydrive\projects\language\gtb-win-2.51\visualstudio2012\gtb64\release\gtb64.tlog\link.write.1.tlog
