C:\USERS\AARON\LANGUAGES\GTB-WIN-2.51\VISUALSTUDIO2012\GTB\DEBUG\GTB.OBJ
C:\USERS\AARON\LANGUAGES\GTB-WIN-2.51\VISUALSTUDIO2012\GTB\DEBUG\GTB_AH.OBJ
C:\USERS\AARON\LANGUAGES\GTB-WIN-2.51\VISUALSTUDIO2012\GTB\DEBUG\GTB_DFA.OBJ
C:\USERS\AARON\LANGUAGES\GTB-WIN-2.51\VISUALSTUDIO2012\GTB\DEBUG\GTB_GDG.OBJ
C:\USERS\AARON\LANGUAGES\GTB-WIN-2.51\VISUALSTUDIO2012\GTB\DEBUG\GTB_GDG_ANALYSE_FAST.OBJ
C:\USERS\AARON\LANGUAGES\GTB-WIN-2.51\VISUALSTUDIO2012\GTB\DEBUG\GTB_GEN.OBJ
C:\USERS\AARON\LANGUAGES\GTB-WIN-2.51\VISUALSTUDIO2012\GTB\DEBUG\GTB_GP.OBJ
C:\USERS\AARON\LANGUAGES\GTB-WIN-2.51\VISUALSTUDIO2012\GTB\DEBUG\GTB_GRAM.OBJ
C:\USERS\AARON\LANGUAGES\GTB-WIN-2.51\VISUALSTUDIO2012\GTB\DEBUG\GTB_LEX.OBJ
C:\USERS\AARON\LANGUAGES\GTB-WIN-2.51\VISUALSTUDIO2012\GTB\DEBUG\GTB_NFA.OBJ
C:\USERS\AARON\LANGUAGES\GTB-WIN-2.51\VISUALSTUDIO2012\GTB\DEBUG\GTB_RD.OBJ
C:\USERS\AARON\LANGUAGES\GTB-WIN-2.51\VISUALSTUDIO2012\GTB\DEBUG\GTB_RNGLR_PRS.OBJ
C:\USERS\AARON\LANGUAGES\GTB-WIN-2.51\VISUALSTUDIO2012\GTB\DEBUG\GTB_RNGLR_REC.OBJ
C:\USERS\AARON\LANGUAGES\GTB-WIN-2.51\VISUALSTUDIO2012\GTB\DEBUG\GTB_SCR.OBJ
C:\USERS\AARON\LANGUAGES\GTB-WIN-2.51\VISUALSTUDIO2012\GTB\DEBUG\GTB_SR.OBJ
C:\USERS\AARON\LANGUAGES\GTB-WIN-2.51\VISUALSTUDIO2012\GTB\DEBUG\VC110.PDB
C:\USERS\AARON\LANGUAGES\GTB-WIN-2.51\VISUALSTUDIO2012\DEBUG\GTB.ILK
C:\USERS\AARON\LANGUAGES\GTB-WIN-2.51\VISUALSTUDIO2012\DEBUG\GTB.EXE
C:\USERS\AARON\LANGUAGES\GTB-WIN-2.51\VISUALSTUDIO2012\DEBUG\GTB.PDB
C:\Users\Aaron\Languages\gtb-win-2.51\VisualStudio2012\gtb\Debug\gtb.obj
C:\Users\Aaron\Languages\gtb-win-2.51\VisualStudio2012\gtb\Debug\gtb_ah.obj
C:\Users\Aaron\Languages\gtb-win-2.51\VisualStudio2012\gtb\Debug\gtb_dfa.obj
C:\Users\Aaron\Languages\gtb-win-2.51\VisualStudio2012\gtb\Debug\gtb_gdg.obj
C:\Users\Aaron\Languages\gtb-win-2.51\VisualStudio2012\gtb\Debug\gtb_gdg_analyse_fast.obj
C:\Users\Aaron\Languages\gtb-win-2.51\VisualStudio2012\gtb\Debug\gtb_gen.obj
C:\Users\Aaron\Languages\gtb-win-2.51\VisualStudio2012\gtb\Debug\gtb_gp.obj
C:\Users\Aaron\Languages\gtb-win-2.51\VisualStudio2012\gtb\Debug\gtb_gram.obj
C:\Users\Aaron\Languages\gtb-win-2.51\VisualStudio2012\gtb\Debug\gtb_lex.obj
C:\Users\Aaron\Languages\gtb-win-2.51\VisualStudio2012\gtb\Debug\gtb_nfa.obj
C:\Users\Aaron\Languages\gtb-win-2.51\VisualStudio2012\gtb\Debug\gtb_rd.obj
C:\Users\Aaron\Languages\gtb-win-2.51\VisualStudio2012\gtb\Debug\gtb_rnglr_prs.obj
C:\Users\Aaron\Languages\gtb-win-2.51\VisualStudio2012\gtb\Debug\gtb_rnglr_rec.obj
C:\Users\Aaron\Languages\gtb-win-2.51\VisualStudio2012\gtb\Debug\gtb_scr.obj
C:\Users\Aaron\Languages\gtb-win-2.51\VisualStudio2012\gtb\Debug\gtb_sr.obj
C:\Users\Aaron\Languages\gtb-win-2.51\VisualStudio2012\gtb\Debug\cl.command.1.tlog
C:\Users\Aaron\Languages\gtb-win-2.51\VisualStudio2012\gtb\Debug\CL.read.1.tlog
C:\Users\Aaron\Languages\gtb-win-2.51\VisualStudio2012\gtb\Debug\CL.write.1.tlog
C:\Users\Aaron\Languages\gtb-win-2.51\VisualStudio2012\gtb\Debug\link-cvtres.read.1.tlog
C:\Users\Aaron\Languages\gtb-win-2.51\VisualStudio2012\gtb\Debug\link-cvtres.write.1.tlog
C:\Users\Aaron\Languages\gtb-win-2.51\VisualStudio2012\gtb\Debug\link-rc.read.1.tlog
C:\Users\Aaron\Languages\gtb-win-2.51\VisualStudio2012\gtb\Debug\link-rc.write.1.tlog
C:\Users\Aaron\Languages\gtb-win-2.51\VisualStudio2012\gtb\Debug\link.command.1.tlog
C:\Users\Aaron\Languages\gtb-win-2.51\VisualStudio2012\gtb\Debug\link.read.1.tlog
C:\Users\Aaron\Languages\gtb-win-2.51\VisualStudio2012\gtb\Debug\link.write.1.tlog
C:\Users\Aaron\Languages\gtb-win-2.51\VisualStudio2012\gtb\Debug\vc110.idb
C:\Users\Aaron\Languages\gtb-win-2.51\VisualStudio2012\gtb\Debug\vc110.pdb
C:\Users\Aaron\Languages\gtb-win-2.51\VisualStudio2012\Debug\gtb.pdb
C:\Users\Aaron\Languages\gtb-win-2.51\VisualStudio2012\Debug\gtb.exe
C:\Users\Aaron\Languages\gtb-win-2.51\VisualStudio2012\Debug\gtb.ilk
