c:\users\aaron\languages\gtb-win-2.51\visualstudio2012\gtb-lib\release\util.obj
c:\users\aaron\languages\gtb-win-2.51\visualstudio2012\gtb-lib\release\trie.obj
c:\users\aaron\languages\gtb-win-2.51\visualstudio2012\gtb-lib\release\textio.obj
c:\users\aaron\languages\gtb-win-2.51\visualstudio2012\gtb-lib\release\symbol.obj
c:\users\aaron\languages\gtb-win-2.51\visualstudio2012\gtb-lib\release\set.obj
c:\users\aaron\languages\gtb-win-2.51\visualstudio2012\gtb-lib\release\scanner.obj
c:\users\aaron\languages\gtb-win-2.51\visualstudio2012\gtb-lib\release\scan.obj
c:\users\aaron\languages\gtb-win-2.51\visualstudio2012\gtb-lib\release\memalloc.obj
c:\users\aaron\languages\gtb-win-2.51\visualstudio2012\gtb-lib\release\hist.obj
c:\users\aaron\languages\gtb-win-2.51\visualstudio2012\gtb-lib\release\graph.obj
c:\users\aaron\languages\gtb-win-2.51\visualstudio2012\gtb-lib\release\arg.obj
c:\users\aaron\languages\gtb-win-2.51\visualstudio2012\gtb-lib\release\vc110.pdb
c:\users\aaron\languages\gtb-win-2.51\visualstudio2012\release\gtb-lib.lib
c:\users\aaron\skydrive\projects\language\gtb-win-2.51\visualstudio2012\gtb-lib\release\arg.obj
c:\users\aaron\skydrive\projects\language\gtb-win-2.51\visualstudio2012\gtb-lib\release\graph.obj
c:\users\aaron\skydrive\projects\language\gtb-win-2.51\visualstudio2012\gtb-lib\release\hist.obj
c:\users\aaron\skydrive\projects\language\gtb-win-2.51\visualstudio2012\gtb-lib\release\memalloc.obj
c:\users\aaron\skydrive\projects\language\gtb-win-2.51\visualstudio2012\gtb-lib\release\scan.obj
c:\users\aaron\skydrive\projects\language\gtb-win-2.51\visualstudio2012\gtb-lib\release\scanner.obj
c:\users\aaron\skydrive\projects\language\gtb-win-2.51\visualstudio2012\gtb-lib\release\set.obj
c:\users\aaron\skydrive\projects\language\gtb-win-2.51\visualstudio2012\gtb-lib\release\symbol.obj
c:\users\aaron\skydrive\projects\language\gtb-win-2.51\visualstudio2012\gtb-lib\release\textio.obj
c:\users\aaron\skydrive\projects\language\gtb-win-2.51\visualstudio2012\gtb-lib\release\trie.obj
c:\users\aaron\skydrive\projects\language\gtb-win-2.51\visualstudio2012\gtb-lib\release\util.obj
c:\users\aaron\skydrive\projects\language\gtb-win-2.51\visualstudio2012\gtb-lib\release\cl.command.1.tlog
c:\users\aaron\skydrive\projects\language\gtb-win-2.51\visualstudio2012\gtb-lib\release\cl.read.1.tlog
c:\users\aaron\skydrive\projects\language\gtb-win-2.51\visualstudio2012\gtb-lib\release\cl.write.1.tlog
c:\users\aaron\skydrive\projects\language\gtb-win-2.51\visualstudio2012\gtb-lib\release\lib-link.read.1.tlog
c:\users\aaron\skydrive\projects\language\gtb-win-2.51\visualstudio2012\gtb-lib\release\lib-link.write.1.tlog
c:\users\aaron\skydrive\projects\language\gtb-win-2.51\visualstudio2012\gtb-lib\release\lib.command.1.tlog
c:\users\aaron\skydrive\projects\language\gtb-win-2.51\visualstudio2012\gtb-lib\release\vc110.pdb
c:\users\aaron\skydrive\projects\language\gtb-win-2.51\visualstudio2012\release\gtb-lib.lib
