C:\USERS\AARON\LANGUAGES\GTB-WIN-2.51\VISUALSTUDIO2012\GTB-LIB\DEBUG\ARG.OBJ
C:\USERS\AARON\LANGUAGES\GTB-WIN-2.51\VISUALSTUDIO2012\GTB-LIB\DEBUG\HIST.OBJ
C:\USERS\AARON\LANGUAGES\GTB-WIN-2.51\VISUALSTUDIO2012\GTB-LIB\DEBUG\MEMALLOC.OBJ
C:\USERS\AARON\LANGUAGES\GTB-WIN-2.51\VISUALSTUDIO2012\GTB-LIB\DEBUG\SCAN.OBJ
C:\USERS\AARON\LANGUAGES\GTB-WIN-2.51\VISUALSTUDIO2012\GTB-LIB\DEBUG\SCANNER.OBJ
C:\USERS\AARON\LANGUAGES\GTB-WIN-2.51\VISUALSTUDIO2012\GTB-LIB\DEBUG\SET.OBJ
C:\USERS\AARON\LANGUAGES\GTB-WIN-2.51\VISUALSTUDIO2012\GTB-LIB\DEBUG\SYMBOL.OBJ
C:\USERS\AARON\LANGUAGES\GTB-WIN-2.51\VISUALSTUDIO2012\GTB-LIB\DEBUG\TEXTIO.OBJ
C:\USERS\AARON\LANGUAGES\GTB-WIN-2.51\VISUALSTUDIO2012\GTB-LIB\DEBUG\UTIL.OBJ
C:\USERS\AARON\LANGUAGES\GTB-WIN-2.51\VISUALSTUDIO2012\GTB-LIB\DEBUG\VC110.PDB
C:\USERS\AARON\LANGUAGES\GTB-WIN-2.51\VISUALSTUDIO2012\GTB-LIB\DEBUG\GRAPH.OBJ
C:\USERS\AARON\LANGUAGES\GTB-WIN-2.51\VISUALSTUDIO2012\GTB-LIB\DEBUG\TRIE.OBJ
C:\USERS\AARON\LANGUAGES\GTB-WIN-2.51\VISUALSTUDIO2012\DEBUG\GTB-LIB.LIB
C:\Users\Aaron\Languages\gtb-win-2.51\VisualStudio2012\gtb-lib\Debug\arg.obj
C:\Users\Aaron\Languages\gtb-win-2.51\VisualStudio2012\gtb-lib\Debug\graph.obj
C:\Users\Aaron\Languages\gtb-win-2.51\VisualStudio2012\gtb-lib\Debug\hist.obj
C:\Users\Aaron\Languages\gtb-win-2.51\VisualStudio2012\gtb-lib\Debug\memalloc.obj
C:\Users\Aaron\Languages\gtb-win-2.51\VisualStudio2012\gtb-lib\Debug\scan.obj
C:\Users\Aaron\Languages\gtb-win-2.51\VisualStudio2012\gtb-lib\Debug\scanner.obj
C:\Users\Aaron\Languages\gtb-win-2.51\VisualStudio2012\gtb-lib\Debug\set.obj
C:\Users\Aaron\Languages\gtb-win-2.51\VisualStudio2012\gtb-lib\Debug\symbol.obj
C:\Users\Aaron\Languages\gtb-win-2.51\VisualStudio2012\gtb-lib\Debug\textio.obj
C:\Users\Aaron\Languages\gtb-win-2.51\VisualStudio2012\gtb-lib\Debug\trie.obj
C:\Users\Aaron\Languages\gtb-win-2.51\VisualStudio2012\gtb-lib\Debug\util.obj
C:\Users\Aaron\Languages\gtb-win-2.51\VisualStudio2012\gtb-lib\Debug\cl.command.1.tlog
C:\Users\Aaron\Languages\gtb-win-2.51\VisualStudio2012\gtb-lib\Debug\CL.read.1.tlog
C:\Users\Aaron\Languages\gtb-win-2.51\VisualStudio2012\gtb-lib\Debug\CL.write.1.tlog
C:\Users\Aaron\Languages\gtb-win-2.51\VisualStudio2012\gtb-lib\Debug\Lib-link.read.1.tlog
C:\Users\Aaron\Languages\gtb-win-2.51\VisualStudio2012\gtb-lib\Debug\Lib-link.write.1.tlog
C:\Users\Aaron\Languages\gtb-win-2.51\VisualStudio2012\gtb-lib\Debug\lib.command.1.tlog
C:\Users\Aaron\Languages\gtb-win-2.51\VisualStudio2012\gtb-lib\Debug\vc110.idb
C:\Users\Aaron\Languages\gtb-win-2.51\VisualStudio2012\gtb-lib\Debug\vc110.pdb
C:\Users\Aaron\Languages\gtb-win-2.51\VisualStudio2012\Debug\gtb-lib.lib
