  gtb.cpp
..\..\src\gtb\gtb.cpp(1634): warning C4996: 'fopen': This function or variable may be unsafe. Consider using fopen_s instead. To disable deprecation, use _CRT_SECURE_NO_WARNINGS. See online help for details.
  C:\Program Files (x86)\Windows Kits\10\Include\10.0.10240.0\ucrt\stdio.h(205): note: see declaration of 'fopen'
  gtb_ah.cpp
..\..\src\gtb\gtb_ah.cpp(120): warning C4996: 'strcat': This function or variable may be unsafe. Consider using strcat_s instead. To disable deprecation, use _CRT_SECURE_NO_WARNINGS. See online help for details.
  C:\Program Files (x86)\Windows Kits\10\Include\10.0.10240.0\ucrt\string.h(90): note: see declaration of 'strcat'
..\..\src\gtb\gtb_ah.cpp(121): warning C4996: 'strcat': This function or variable may be unsafe. Consider using strcat_s instead. To disable deprecation, use _CRT_SECURE_NO_WARNINGS. See online help for details.
  C:\Program Files (x86)\Windows Kits\10\Include\10.0.10240.0\ucrt\string.h(90): note: see declaration of 'strcat'
..\..\src\gtb\gtb_ah.cpp(170): warning C4996: 'strcat': This function or variable may be unsafe. Consider using strcat_s instead. To disable deprecation, use _CRT_SECURE_NO_WARNINGS. See online help for details.
  C:\Program Files (x86)\Windows Kits\10\Include\10.0.10240.0\ucrt\string.h(90): note: see declaration of 'strcat'
..\..\src\gtb\gtb_ah.cpp(171): warning C4996: 'strcat': This function or variable may be unsafe. Consider using strcat_s instead. To disable deprecation, use _CRT_SECURE_NO_WARNINGS. See online help for details.
  C:\Program Files (x86)\Windows Kits\10\Include\10.0.10240.0\ucrt\string.h(90): note: see declaration of 'strcat'
..\..\src\gtb\gtb_ah.cpp(188): warning C4996: 'strcat': This function or variable may be unsafe. Consider using strcat_s instead. To disable deprecation, use _CRT_SECURE_NO_WARNINGS. See online help for details.
  C:\Program Files (x86)\Windows Kits\10\Include\10.0.10240.0\ucrt\string.h(90): note: see declaration of 'strcat'
..\..\src\gtb\gtb_ah.cpp(189): warning C4996: 'strcat': This function or variable may be unsafe. Consider using strcat_s instead. To disable deprecation, use _CRT_SECURE_NO_WARNINGS. See online help for details.
  C:\Program Files (x86)\Windows Kits\10\Include\10.0.10240.0\ucrt\string.h(90): note: see declaration of 'strcat'
..\..\src\gtb\gtb_ah.cpp(215): warning C4996: 'strcat': This function or variable may be unsafe. Consider using strcat_s instead. To disable deprecation, use _CRT_SECURE_NO_WARNINGS. See online help for details.
  C:\Program Files (x86)\Windows Kits\10\Include\10.0.10240.0\ucrt\string.h(90): note: see declaration of 'strcat'
..\..\src\gtb\gtb_ah.cpp(216): warning C4996: 'strcat': This function or variable may be unsafe. Consider using strcat_s instead. To disable deprecation, use _CRT_SECURE_NO_WARNINGS. See online help for details.
  C:\Program Files (x86)\Windows Kits\10\Include\10.0.10240.0\ucrt\string.h(90): note: see declaration of 'strcat'
..\..\src\gtb\gtb_ah.cpp(656): warning C4996: 'strcat': This function or variable may be unsafe. Consider using strcat_s instead. To disable deprecation, use _CRT_SECURE_NO_WARNINGS. See online help for details.
  C:\Program Files (x86)\Windows Kits\10\Include\10.0.10240.0\ucrt\string.h(90): note: see declaration of 'strcat'
..\..\src\gtb\gtb_ah.cpp(657): warning C4996: 'strcat': This function or variable may be unsafe. Consider using strcat_s instead. To disable deprecation, use _CRT_SECURE_NO_WARNINGS. See online help for details.
  C:\Program Files (x86)\Windows Kits\10\Include\10.0.10240.0\ucrt\string.h(90): note: see declaration of 'strcat'
..\..\src\gtb\gtb_ah.cpp(601): warning C4996: 'fopen': This function or variable may be unsafe. Consider using fopen_s instead. To disable deprecation, use _CRT_SECURE_NO_WARNINGS. See online help for details.
  C:\Program Files (x86)\Windows Kits\10\Include\10.0.10240.0\ucrt\stdio.h(205): note: see declaration of 'fopen'
..\..\src\gtb\gtb_ah.cpp(614): warning C4996: 'fopen': This function or variable may be unsafe. Consider using fopen_s instead. To disable deprecation, use _CRT_SECURE_NO_WARNINGS. See online help for details.
  C:\Program Files (x86)\Windows Kits\10\Include\10.0.10240.0\ucrt\stdio.h(205): note: see declaration of 'fopen'
..\..\src\gtb\gtb_ah.cpp(616): warning C4996: 'fopen': This function or variable may be unsafe. Consider using fopen_s instead. To disable deprecation, use _CRT_SECURE_NO_WARNINGS. See online help for details.
  C:\Program Files (x86)\Windows Kits\10\Include\10.0.10240.0\ucrt\stdio.h(205): note: see declaration of 'fopen'
..\..\src\gtb\gtb_ah.cpp(944): warning C4996: 'fopen': This function or variable may be unsafe. Consider using fopen_s instead. To disable deprecation, use _CRT_SECURE_NO_WARNINGS. See online help for details.
  C:\Program Files (x86)\Windows Kits\10\Include\10.0.10240.0\ucrt\stdio.h(205): note: see declaration of 'fopen'
..\..\src\gtb\gtb_ah.cpp(950): warning C4996: 'fscanf': This function or variable may be unsafe. Consider using fscanf_s instead. To disable deprecation, use _CRT_SECURE_NO_WARNINGS. See online help for details.
  C:\Program Files (x86)\Windows Kits\10\Include\10.0.10240.0\ucrt\stdio.h(1193): note: see declaration of 'fscanf'
..\..\src\gtb\gtb_ah.cpp(955): warning C4996: 'fscanf': This function or variable may be unsafe. Consider using fscanf_s instead. To disable deprecation, use _CRT_SECURE_NO_WARNINGS. See online help for details.
  C:\Program Files (x86)\Windows Kits\10\Include\10.0.10240.0\ucrt\stdio.h(1193): note: see declaration of 'fscanf'
..\..\src\gtb\gtb_ah.cpp(961): warning C4996: 'fscanf': This function or variable may be unsafe. Consider using fscanf_s instead. To disable deprecation, use _CRT_SECURE_NO_WARNINGS. See online help for details.
  C:\Program Files (x86)\Windows Kits\10\Include\10.0.10240.0\ucrt\stdio.h(1193): note: see declaration of 'fscanf'
..\..\src\gtb\gtb_ah.cpp(1637): warning C4018: '<': signed/unsigned mismatch
  gtb_dfa.cpp
..\..\src\gtb\gtb_dfa.cpp(1001): warning C4800: 'int': forcing value to bool 'true' or 'false' (performance warning)
..\..\src\gtb\gtb_dfa.cpp(1462): warning C4018: '<': signed/unsigned mismatch
..\..\src\gtb\gtb_dfa.cpp(1465): warning C4018: '<': signed/unsigned mismatch
..\..\src\gtb\gtb_dfa.cpp(1499): warning C4018: '<': signed/unsigned mismatch
..\..\src\gtb\gtb_dfa.cpp(1581): warning C4018: '<': signed/unsigned mismatch
  gtb_gdg.cpp
..\..\src\gtb\gtb_gdg.cpp(1184): warning C4018: '<=': signed/unsigned mismatch
..\..\src\gtb\gtb_gdg.cpp(1185): warning C4018: '<=': signed/unsigned mismatch
..\..\src\gtb\gtb_gdg.cpp(1426): warning C4996: 'fopen': This function or variable may be unsafe. Consider using fopen_s instead. To disable deprecation, use _CRT_SECURE_NO_WARNINGS. See online help for details.
  C:\Program Files (x86)\Windows Kits\10\Include\10.0.10240.0\ucrt\stdio.h(205): note: see declaration of 'fopen'
  gtb_gdg_analyse_fast.cpp
..\..\src\gtb\gtb_gdg_analyse_fast.cpp(88): warning C4018: '<': signed/unsigned mismatch
..\..\src\gtb\gtb_gdg_analyse_fast.cpp(96): warning C4018: '<': signed/unsigned mismatch
..\..\src\gtb\gtb_gdg_analyse_fast.cpp(105): warning C4018: '<': signed/unsigned mismatch
..\..\src\gtb\gtb_gdg_analyse_fast.cpp(111): warning C4018: '<': signed/unsigned mismatch
..\..\src\gtb\gtb_gdg_analyse_fast.cpp(133): warning C4018: '<': signed/unsigned mismatch
..\..\src\gtb\gtb_gdg_analyse_fast.cpp(157): warning C4018: '<': signed/unsigned mismatch
..\..\src\gtb\gtb_gdg_analyse_fast.cpp(313): warning C4018: '<': signed/unsigned mismatch
..\..\src\gtb\gtb_gdg_analyse_fast.cpp(655): warning C4018: '<': signed/unsigned mismatch
..\..\src\gtb\gtb_gdg_analyse_fast.cpp(567): warning C4996: 'fopen': This function or variable may be unsafe. Consider using fopen_s instead. To disable deprecation, use _CRT_SECURE_NO_WARNINGS. See online help for details.
  C:\Program Files (x86)\Windows Kits\10\Include\10.0.10240.0\ucrt\stdio.h(205): note: see declaration of 'fopen'
  gtb_gen.cpp
  gtb_gp.cpp
..\..\src\gtb\gtb_gp.cpp(94): warning C4101: 'current_earley_set': unreferenced local variable
  gtb_gram.cpp
..\..\src\gtb\gtb_gram.cpp(408): warning C4996: 'strcat': This function or variable may be unsafe. Consider using strcat_s instead. To disable deprecation, use _CRT_SECURE_NO_WARNINGS. See online help for details.
  C:\Program Files (x86)\Windows Kits\10\Include\10.0.10240.0\ucrt\string.h(90): note: see declaration of 'strcat'
..\..\src\gtb\gtb_gram.cpp(920): warning C4996: 'strcat': This function or variable may be unsafe. Consider using strcat_s instead. To disable deprecation, use _CRT_SECURE_NO_WARNINGS. See online help for details.
  C:\Program Files (x86)\Windows Kits\10\Include\10.0.10240.0\ucrt\string.h(90): note: see declaration of 'strcat'
..\..\src\gtb\gtb_gram.cpp(921): warning C4996: 'strcat': This function or variable may be unsafe. Consider using strcat_s instead. To disable deprecation, use _CRT_SECURE_NO_WARNINGS. See online help for details.
  C:\Program Files (x86)\Windows Kits\10\Include\10.0.10240.0\ucrt\string.h(90): note: see declaration of 'strcat'
..\..\src\gtb\gtb_gram.cpp(1023): warning C4996: 'strncpy': This function or variable may be unsafe. Consider using strncpy_s instead. To disable deprecation, use _CRT_SECURE_NO_WARNINGS. See online help for details.
  C:\Program Files (x86)\Windows Kits\10\Include\10.0.10240.0\ucrt\string.h(346): note: see declaration of 'strncpy'
..\..\src\gtb\gtb_gram.cpp(1056): warning C4996: 'strcat': This function or variable may be unsafe. Consider using strcat_s instead. To disable deprecation, use _CRT_SECURE_NO_WARNINGS. See online help for details.
  C:\Program Files (x86)\Windows Kits\10\Include\10.0.10240.0\ucrt\string.h(90): note: see declaration of 'strcat'
..\..\src\gtb\gtb_gram.cpp(1057): warning C4996: 'strcat': This function or variable may be unsafe. Consider using strcat_s instead. To disable deprecation, use _CRT_SECURE_NO_WARNINGS. See online help for details.
  C:\Program Files (x86)\Windows Kits\10\Include\10.0.10240.0\ucrt\string.h(90): note: see declaration of 'strcat'
..\..\src\gtb\gtb_gram.cpp(1133): warning C4996: 'strcat': This function or variable may be unsafe. Consider using strcat_s instead. To disable deprecation, use _CRT_SECURE_NO_WARNINGS. See online help for details.
  C:\Program Files (x86)\Windows Kits\10\Include\10.0.10240.0\ucrt\string.h(90): note: see declaration of 'strcat'
..\..\src\gtb\gtb_gram.cpp(1387): warning C4018: '<=': signed/unsigned mismatch
  gtb_lex.cpp
  gtb_nfa.cpp
  gtb_rd.cpp
..\..\src\gtb\gtb_rd.cpp(95): warning C4996: 'fopen': This function or variable may be unsafe. Consider using fopen_s instead. To disable deprecation, use _CRT_SECURE_NO_WARNINGS. See online help for details.
  C:\Program Files (x86)\Windows Kits\10\Include\10.0.10240.0\ucrt\stdio.h(205): note: see declaration of 'fopen'
  gtb_rnglr_prs.cpp
..\..\src\gtb\gtb_rnglr_prs.cpp(55): warning C4018: '<': signed/unsigned mismatch
..\..\src\gtb\gtb_rnglr_prs.cpp(64): warning C4018: '>=': signed/unsigned mismatch
..\..\src\gtb\gtb_rnglr_prs.cpp(64): warning C4018: '<': signed/unsigned mismatch
..\..\src\gtb\gtb_rnglr_prs.cpp(133): warning C4018: '<=': signed/unsigned mismatch
..\..\src\gtb\gtb_rnglr_prs.cpp(448): warning C4018: '>=': signed/unsigned mismatch
..\..\src\gtb\gtb_rnglr_prs.cpp(469): warning C4018: '>=': signed/unsigned mismatch
..\..\src\gtb\gtb_rnglr_prs.cpp(578): warning C4018: '>=': signed/unsigned mismatch
..\..\src\gtb\gtb_rnglr_prs.cpp(616): warning C4018: '>=': signed/unsigned mismatch
..\..\src\gtb\gtb_rnglr_prs.cpp(655): warning C4018: '>=': signed/unsigned mismatch
..\..\src\gtb\gtb_rnglr_prs.cpp(726): warning C4018: '>=': signed/unsigned mismatch
..\..\src\gtb\gtb_rnglr_prs.cpp(753): warning C4018: '>=': signed/unsigned mismatch
..\..\src\gtb\gtb_rnglr_prs.cpp(804): warning C4018: '<': signed/unsigned mismatch
..\..\src\gtb\gtb_rnglr_prs.cpp(811): warning C4018: '>=': signed/unsigned mismatch
..\..\src\gtb\gtb_rnglr_prs.cpp(811): warning C4018: '<': signed/unsigned mismatch
..\..\src\gtb\gtb_rnglr_prs.cpp(413): warning C4996: 'fopen': This function or variable may be unsafe. Consider using fopen_s instead. To disable deprecation, use _CRT_SECURE_NO_WARNINGS. See online help for details.
  C:\Program Files (x86)\Windows Kits\10\Include\10.0.10240.0\ucrt\stdio.h(205): note: see declaration of 'fopen'
  gtb_rnglr_rec.cpp
..\..\src\gtb\gtb_rnglr_rec.cpp(268): warning C4018: '>=': signed/unsigned mismatch
..\..\src\gtb\gtb_rnglr_rec.cpp(289): warning C4018: '>=': signed/unsigned mismatch
..\..\src\gtb\gtb_rnglr_rec.cpp(398): warning C4018: '>=': signed/unsigned mismatch
..\..\src\gtb\gtb_rnglr_rec.cpp(436): warning C4018: '>=': signed/unsigned mismatch
..\..\src\gtb\gtb_rnglr_rec.cpp(475): warning C4018: '>=': signed/unsigned mismatch
..\..\src\gtb\gtb_rnglr_rec.cpp(546): warning C4018: '>=': signed/unsigned mismatch
..\..\src\gtb\gtb_rnglr_rec.cpp(573): warning C4018: '>=': signed/unsigned mismatch
..\..\src\gtb\gtb_rnglr_rec.cpp(624): warning C4018: '<': signed/unsigned mismatch
..\..\src\gtb\gtb_rnglr_rec.cpp(631): warning C4018: '>=': signed/unsigned mismatch
..\..\src\gtb\gtb_rnglr_rec.cpp(631): warning C4018: '<': signed/unsigned mismatch
  gtb_scr.cpp
..\..\src\gtb\gtb_scr.cpp(103): warning C4996: 'strcpy': This function or variable may be unsafe. Consider using strcpy_s instead. To disable deprecation, use _CRT_SECURE_NO_WARNINGS. See online help for details.
  C:\Program Files (x86)\Windows Kits\10\Include\10.0.10240.0\ucrt\string.h(119): note: see declaration of 'strcpy'
..\..\src\gtb\gtb_scr.cpp(345): warning C4996: 'fopen': This function or variable may be unsafe. Consider using fopen_s instead. To disable deprecation, use _CRT_SECURE_NO_WARNINGS. See online help for details.
  C:\Program Files (x86)\Windows Kits\10\Include\10.0.10240.0\ucrt\stdio.h(205): note: see declaration of 'fopen'
..\..\src\gtb\gtb_scr.cpp(346): warning C4996: 'fopen': This function or variable may be unsafe. Consider using fopen_s instead. To disable deprecation, use _CRT_SECURE_NO_WARNINGS. See online help for details.
  C:\Program Files (x86)\Windows Kits\10\Include\10.0.10240.0\ucrt\stdio.h(205): note: see declaration of 'fopen'
..\..\src\gtb\gtb_scr.cpp(347): warning C4996: 'fopen': This function or variable may be unsafe. Consider using fopen_s instead. To disable deprecation, use _CRT_SECURE_NO_WARNINGS. See online help for details.
  C:\Program Files (x86)\Windows Kits\10\Include\10.0.10240.0\ucrt\stdio.h(205): note: see declaration of 'fopen'
..\..\src\gtb\gtb_scr.cpp(348): warning C4996: 'fopen': This function or variable may be unsafe. Consider using fopen_s instead. To disable deprecation, use _CRT_SECURE_NO_WARNINGS. See online help for details.
  C:\Program Files (x86)\Windows Kits\10\Include\10.0.10240.0\ucrt\stdio.h(205): note: see declaration of 'fopen'
..\..\src\gtb\gtb_scr.cpp(492): warning C4800: 'int': forcing value to bool 'true' or 'false' (performance warning)
..\..\src\gtb\gtb_scr.cpp(1031): warning C4553: '==': operator has no effect; did you intend '='?
..\..\src\gtb\gtb_scr.cpp(1068): warning C4553: '==': operator has no effect; did you intend '='?
..\..\src\gtb\gtb_scr.cpp(1144): warning C4553: '==': operator has no effect; did you intend '='?
..\..\src\gtb\gtb_scr.cpp(1198): warning C4553: '==': operator has no effect; did you intend '='?
..\..\src\gtb\gtb_scr.cpp(1233): warning C4553: '==': operator has no effect; did you intend '='?
..\..\src\gtb\gtb_scr.cpp(1271): warning C4553: '==': operator has no effect; did you intend '='?
..\..\src\gtb\gtb_scr.cpp(1308): warning C4553: '==': operator has no effect; did you intend '='?
..\..\src\gtb\gtb_scr.cpp(1345): warning C4553: '==': operator has no effect; did you intend '='?
..\..\src\gtb\gtb_scr.cpp(1383): warning C4553: '==': operator has no effect; did you intend '='?
..\..\src\gtb\gtb_scr.cpp(1421): warning C4553: '==': operator has no effect; did you intend '='?
..\..\src\gtb\gtb_scr.cpp(1641): warning C4996: 'fopen': This function or variable may be unsafe. Consider using fopen_s instead. To disable deprecation, use _CRT_SECURE_NO_WARNINGS. See online help for details.
  C:\Program Files (x86)\Windows Kits\10\Include\10.0.10240.0\ucrt\stdio.h(205): note: see declaration of 'fopen'
  gtb_sr.cpp
..\..\src\gtb\gtb_sr.cpp(37): warning C4018: '>=': signed/unsigned mismatch
..\..\src\gtb\gtb_sr.cpp(39): warning C4018: '>=': signed/unsigned mismatch
..\..\src\gtb\gtb_sr.cpp(39): warning C4018: '<': signed/unsigned mismatch
..\..\src\gtb\gtb_sr.cpp(93): warning C4018: '>=': signed/unsigned mismatch
..\..\src\gtb\gtb_sr.cpp(105): warning C4018: '>=': signed/unsigned mismatch
..\..\src\gtb\gtb_sr.cpp(105): warning C4018: '<': signed/unsigned mismatch
..\..\src\gtb\gtb_sr.cpp(414): warning C4018: '>=': signed/unsigned mismatch
..\..\src\gtb\gtb_sr.cpp(417): warning C4018: '>=': signed/unsigned mismatch
..\..\src\gtb\gtb_sr.cpp(417): warning C4018: '<': signed/unsigned mismatch
..\..\src\gtb\gtb_sr.cpp(551): warning C4018: '>=': signed/unsigned mismatch
..\..\src\gtb\gtb_sr.cpp(554): warning C4018: '>=': signed/unsigned mismatch
..\..\src\gtb\gtb_sr.cpp(554): warning C4018: '<': signed/unsigned mismatch
..\..\src\gtb\gtb_sr.cpp(602): warning C4018: '<': signed/unsigned mismatch
..\..\src\gtb\gtb_sr.cpp(608): warning C4018: '>=': signed/unsigned mismatch
..\..\src\gtb\gtb_sr.cpp(635): warning C4018: '<': signed/unsigned mismatch
..\..\src\gtb\gtb_sr.cpp(641): warning C4018: '>=': signed/unsigned mismatch
  Generating code
c:\users\aaron\skydrive\projects\language\gtb-win-2.51\src\gtb\gtb_gp.cpp(116): warning C4700: uninitialized local variable 'token_count' used
c:\users\aaron\skydrive\projects\language\gtb-win-2.51\src\gtb\gtb_gp.cpp(87): warning C4700: uninitialized local variable 'token_count' used
  All 426 functions were compiled because no usable IPDB/IOBJ from previous compilation was found.
  Finished generating code
  gtb.vcxproj -> C:\Users\Aaron\SkyDrive\Projects\Language\gtb-win-2.51\VisualStudio2012\Release\gtb.exe
