c:\users\aaron\languages\gtb-win-2.51\visualstudio2012\gtb\release\gtb_sr.obj
c:\users\aaron\languages\gtb-win-2.51\visualstudio2012\gtb\release\gtb_scr.obj
c:\users\aaron\languages\gtb-win-2.51\visualstudio2012\gtb\release\gtb_rnglr_rec.obj
c:\users\aaron\languages\gtb-win-2.51\visualstudio2012\gtb\release\gtb_rnglr_prs.obj
c:\users\aaron\languages\gtb-win-2.51\visualstudio2012\gtb\release\gtb_rd.obj
c:\users\aaron\languages\gtb-win-2.51\visualstudio2012\gtb\release\gtb_nfa.obj
c:\users\aaron\languages\gtb-win-2.51\visualstudio2012\gtb\release\gtb_lex.obj
c:\users\aaron\languages\gtb-win-2.51\visualstudio2012\gtb\release\gtb_gram.obj
c:\users\aaron\languages\gtb-win-2.51\visualstudio2012\gtb\release\gtb_gp.obj
c:\users\aaron\languages\gtb-win-2.51\visualstudio2012\gtb\release\gtb_gen.obj
c:\users\aaron\languages\gtb-win-2.51\visualstudio2012\gtb\release\gtb_gdg_analyse_fast.obj
c:\users\aaron\languages\gtb-win-2.51\visualstudio2012\gtb\release\gtb_gdg.obj
c:\users\aaron\languages\gtb-win-2.51\visualstudio2012\gtb\release\gtb_dfa.obj
c:\users\aaron\languages\gtb-win-2.51\visualstudio2012\gtb\release\gtb_ah.obj
c:\users\aaron\languages\gtb-win-2.51\visualstudio2012\gtb\release\gtb.obj
c:\users\aaron\languages\gtb-win-2.51\visualstudio2012\gtb\release\vc110.pdb
c:\users\aaron\languages\gtb-win-2.51\visualstudio2012\release\gtb.exe
c:\users\aaron\languages\gtb-win-2.51\visualstudio2012\release\gtb.pdb
c:\users\aaron\skydrive\projects\language\gtb-win-2.51\visualstudio2012\gtb\release\gtb.obj
c:\users\aaron\skydrive\projects\language\gtb-win-2.51\visualstudio2012\gtb\release\gtb_ah.obj
c:\users\aaron\skydrive\projects\language\gtb-win-2.51\visualstudio2012\gtb\release\gtb_dfa.obj
c:\users\aaron\skydrive\projects\language\gtb-win-2.51\visualstudio2012\gtb\release\gtb_gdg.obj
c:\users\aaron\skydrive\projects\language\gtb-win-2.51\visualstudio2012\gtb\release\gtb_gdg_analyse_fast.obj
c:\users\aaron\skydrive\projects\language\gtb-win-2.51\visualstudio2012\gtb\release\gtb_gen.obj
c:\users\aaron\skydrive\projects\language\gtb-win-2.51\visualstudio2012\gtb\release\gtb_gp.obj
c:\users\aaron\skydrive\projects\language\gtb-win-2.51\visualstudio2012\gtb\release\gtb_gram.obj
c:\users\aaron\skydrive\projects\language\gtb-win-2.51\visualstudio2012\gtb\release\gtb_lex.obj
c:\users\aaron\skydrive\projects\language\gtb-win-2.51\visualstudio2012\gtb\release\gtb_nfa.obj
c:\users\aaron\skydrive\projects\language\gtb-win-2.51\visualstudio2012\gtb\release\gtb_rd.obj
c:\users\aaron\skydrive\projects\language\gtb-win-2.51\visualstudio2012\gtb\release\gtb_rnglr_prs.obj
c:\users\aaron\skydrive\projects\language\gtb-win-2.51\visualstudio2012\gtb\release\gtb_rnglr_rec.obj
c:\users\aaron\skydrive\projects\language\gtb-win-2.51\visualstudio2012\gtb\release\gtb_scr.obj
c:\users\aaron\skydrive\projects\language\gtb-win-2.51\visualstudio2012\gtb\release\gtb_sr.obj
c:\users\aaron\skydrive\projects\language\gtb-win-2.51\visualstudio2012\gtb\release\cl.command.1.tlog
c:\users\aaron\skydrive\projects\language\gtb-win-2.51\visualstudio2012\gtb\release\cl.read.1.tlog
c:\users\aaron\skydrive\projects\language\gtb-win-2.51\visualstudio2012\gtb\release\cl.write.1.tlog
c:\users\aaron\skydrive\projects\language\gtb-win-2.51\visualstudio2012\gtb\release\link-cvtres.read.1.tlog
c:\users\aaron\skydrive\projects\language\gtb-win-2.51\visualstudio2012\gtb\release\link-cvtres.write.1.tlog
c:\users\aaron\skydrive\projects\language\gtb-win-2.51\visualstudio2012\gtb\release\link-rc.read.1.tlog
c:\users\aaron\skydrive\projects\language\gtb-win-2.51\visualstudio2012\gtb\release\link-rc.write.1.tlog
c:\users\aaron\skydrive\projects\language\gtb-win-2.51\visualstudio2012\gtb\release\link.command.1.tlog
c:\users\aaron\skydrive\projects\language\gtb-win-2.51\visualstudio2012\gtb\release\link.read.1.tlog
c:\users\aaron\skydrive\projects\language\gtb-win-2.51\visualstudio2012\gtb\release\link.read.6.tlog
c:\users\aaron\skydrive\projects\language\gtb-win-2.51\visualstudio2012\gtb\release\link.write.1.tlog
c:\users\aaron\skydrive\projects\language\gtb-win-2.51\visualstudio2012\gtb\release\vc110.pdb
c:\users\aaron\skydrive\projects\language\gtb-win-2.51\visualstudio2012\release\gtb.pdb
c:\users\aaron\skydrive\projects\language\gtb-win-2.51\visualstudio2012\release\gtb.exe
